#
# There is insufficient memory for the Java Runtime Environment to continue.
# Native memory allocation (malloc) failed to allocate 1048576 bytes for AllocateHeap
# Possible reasons:
#   The system is out of physical RAM or swap space
#   In 32 bit mode, the process size limit was hit
# Possible solutions:
#   Reduce memory load on the system
#   Increase physical memory or swap space
#   Check if swap backing store is full
#   Use 64 bit Java on a 64 bit OS
#   Decrease Java heap size (-Xmx/-Xms)
#   Decrease number of Java threads
#   Decrease Java thread stack sizes (-Xss)
#   Set larger code cache with -XX:ReservedCodeCacheSize=
# This output file may be truncated or incomplete.
#
#  Out of Memory Error (memory/allocation.inline.hpp:61), pid=3900, tid=4500
#
# JRE version:  (8.0_45-b15) (build )
# Java VM: Java HotSpot(TM) 64-Bit Server VM (25.45-b02 mixed mode windows-amd64 compressed oops)
# Failed to write core dump. Minidumps are not enabled by default on client versions of Windows
#

---------------  T H R E A D  ---------------

Current thread (0x0000000001dd0800):  JavaThread "Unknown thread" [_thread_in_vm, id=4500, stack(0x0000000001cd0000,0x0000000001dd0000)]

Stack: [0x0000000001cd0000,0x0000000001dd0000]
Native frames: (J=compiled Java code, j=interpreted, Vv=VM code, C=native code)
V  [jvm.dll+0x32b57a]
V  [jvm.dll+0x279873]
V  [jvm.dll+0x27a509]
V  [jvm.dll+0x271825]
V  [jvm.dll+0x1606]
V  [jvm.dll+0x270892]
V  [jvm.dll+0x3eee4a]
V  [jvm.dll+0x3ea7a7]
V  [jvm.dll+0xf2cf2]
V  [jvm.dll+0x20f0c9]
V  [jvm.dll+0x240e0a]
V  [jvm.dll+0x15ba41]
C  [java.exe+0x216e]
C  [java.exe+0xcce7]
C  [java.exe+0xcd7b]
C  [KERNEL32.DLL+0x13d2]
C  [ntdll.dll+0x15444]


---------------  P R O C E S S  ---------------

Java Threads: ( => current thread )

Other Threads:

=>0x0000000001dd0800 (exited) JavaThread "Unknown thread" [_thread_in_vm, id=4500, stack(0x0000000001cd0000,0x0000000001dd0000)]

VM state:not at safepoint (normal execution)

VM Mutex/Monitor currently owned by a thread: None

Heap:
 PSYoungGen      total 17920K, used 307K [0x00000000eab00000, 0x00000000ebf00000, 0x0000000100000000)
  eden space 15360K, 2% used [0x00000000eab00000,0x00000000eab4ccd8,0x00000000eba00000)
  from space 2560K, 0% used [0x00000000ebc80000,0x00000000ebc80000,0x00000000ebf00000)
  to   space 2560K, 0% used [0x00000000eba00000,0x00000000eba00000,0x00000000ebc80000)
 ParOldGen       total 40960K, used 0K [0x00000000c0000000, 0x00000000c2800000, 0x00000000eab00000)
  object space 40960K, 0% used [0x00000000c0000000,0x00000000c0000000,0x00000000c2800000)
 Metaspace       used 766K, capacity 4480K, committed 4480K, reserved 1056768K
  class space    used 75K, capacity 384K, committed 384K, reserved 1048576K

Card table byte_map: [0x0000000011290000,0x00000000114a0000] byte_map_base: 0x0000000010c90000

Marking Bits: (ParMarkBitMap*) 0x0000000074a74040
 Begin Bits: [0x0000000011a00000, 0x0000000012a00000)
 End Bits:   [0x0000000012a00000, 0x0000000013a00000)

Polling page: 0x0000000000400000

CodeCache: size=245760Kb used=328Kb max_used=328Kb free=245431Kb
 bounds [0x0000000001ed0000, 0x0000000002140000, 0x0000000010ed0000]
 total_blobs=57 nmethods=0 adapters=37
 compilation: enabled

Compilation events (0 events):
No events

GC Heap History (0 events):
No events

Deoptimization events (0 events):
No events

Internal exceptions (0 events):
No events

Events (10 events):
Event: 0.051 loading class java/lang/Short
Event: 0.051 loading class java/lang/Short done
Event: 0.051 loading class java/lang/Integer
Event: 0.052 loading class java/lang/Integer done
Event: 0.052 loading class java/lang/Long
Event: 0.052 loading class java/lang/Long done
Event: 0.052 loading class java/lang/NullPointerException
Event: 0.052 loading class java/lang/NullPointerException done
Event: 0.052 loading class java/lang/ArithmeticException
Event: 0.052 loading class java/lang/ArithmeticException done


Dynamic libraries:
0x00007ff727ce0000 - 0x00007ff727d17000 	C:\Program Files\Java\jdk1.8.0_45\bin\java.exe
0x00007ffab6680000 - 0x00007ffab682c000 	C:\Windows\SYSTEM32\ntdll.dll
0x00007ffab3f90000 - 0x00007ffab40ce000 	C:\Windows\system32\KERNEL32.DLL
0x00007ffab3af0000 - 0x00007ffab3c05000 	C:\Windows\system32\KERNELBASE.dll
0x00007ffab2380000 - 0x00007ffab240e000 	C:\Windows\system32\apphelp.dll
0x00007ffaa9d90000 - 0x00007ffaa9de3000 	C:\Windows\AppPatch\AppPatch64\AcGenral.DLL
0x00007ffab44a0000 - 0x00007ffab454a000 	C:\Windows\system32\msvcrt.dll
0x00007ffab3610000 - 0x00007ffab363e000 	C:\Windows\SYSTEM32\SspiCli.dll
0x00007ffab6010000 - 0x00007ffab6064000 	C:\Windows\system32\SHLWAPI.dll
0x00007ffab5d80000 - 0x00007ffab5ef7000 	C:\Windows\system32\USER32.dll
0x00007ffab6140000 - 0x00007ffab62d4000 	C:\Windows\system32\ole32.dll
0x00007ffab4550000 - 0x00007ffab5a69000 	C:\Windows\system32\SHELL32.dll
0x00007ffab2e30000 - 0x00007ffab2e51000 	C:\Windows\SYSTEM32\USERENV.dll
0x00007ffab6510000 - 0x00007ffab65ba000 	C:\Windows\system32\ADVAPI32.dll
0x00007ffaafbe0000 - 0x00007ffaafbfe000 	C:\Windows\SYSTEM32\MPR.dll
0x00007ffab5a70000 - 0x00007ffab5bb1000 	C:\Windows\system32\RPCRT4.dll
0x00007ffab4250000 - 0x00007ffab42a9000 	C:\Windows\SYSTEM32\sechost.dll
0x00007ffab3d70000 - 0x00007ffab3f81000 	C:\Windows\SYSTEM32\combase.dll
0x00007ffab63c0000 - 0x00007ffab6510000 	C:\Windows\system32\GDI32.dll
0x00007ffab37e0000 - 0x00007ffab37f5000 	C:\Windows\SYSTEM32\profapi.dll
0x00007ffab1d50000 - 0x00007ffab1e02000 	C:\Windows\SYSTEM32\SHCORE.dll
0x00007ffab5fd0000 - 0x00007ffab6006000 	C:\Windows\system32\IMM32.DLL
0x00007ffab40d0000 - 0x00007ffab4222000 	C:\Windows\system32\MSCTF.dll
0x00007ffab0dc0000 - 0x00007ffab103a000 	C:\Windows\WinSxS\amd64_microsoft.windows.common-controls_6595b64144ccf1df_6.0.9600.17810_none_6240b9c7ecbd0bda\COMCTL32.dll
0x0000000073df0000 - 0x0000000073ec2000 	C:\Program Files\Java\jdk1.8.0_45\jre\bin\msvcr100.dll
0x0000000074270000 - 0x0000000074af3000 	C:\Program Files\Java\jdk1.8.0_45\jre\bin\server\jvm.dll
0x00007ffab1350000 - 0x00007ffab1359000 	C:\Windows\SYSTEM32\WSOCK32.dll
0x00007ffaacc50000 - 0x00007ffaacc72000 	C:\Windows\SYSTEM32\WINMM.dll
0x00007ffaab940000 - 0x00007ffaab94a000 	C:\Windows\SYSTEM32\VERSION.dll
0x00007ffab6130000 - 0x00007ffab6137000 	C:\Windows\system32\PSAPI.DLL
0x00007ffab6360000 - 0x00007ffab63ba000 	C:\Windows\system32\WS2_32.dll
0x00007ffaaa640000 - 0x00007ffaaa66a000 	C:\Windows\SYSTEM32\WINMMBASE.dll
0x00007ffab4490000 - 0x00007ffab4499000 	C:\Windows\system32\NSI.dll
0x00007ffab3cc0000 - 0x00007ffab3d0f000 	C:\Windows\SYSTEM32\cfgmgr32.dll
0x00007ffab25d0000 - 0x00007ffab25f8000 	C:\Windows\SYSTEM32\DEVOBJ.dll
0x0000000074260000 - 0x000000007426f000 	C:\Program Files\Java\jdk1.8.0_45\jre\bin\verify.dll
0x0000000074230000 - 0x0000000074259000 	C:\Program Files\Java\jdk1.8.0_45\jre\bin\java.dll
0x0000000074210000 - 0x0000000074226000 	C:\Program Files\Java\jdk1.8.0_45\jre\bin\zip.dll
0x00007ffab0c30000 - 0x00007ffab0db9000 	C:\Windows\SYSTEM32\dbghelp.dll

VM Arguments:
jvm_args: -Xmx1024M -Dfile.encoding=windows-1251 -Duser.country=RU -Duser.language=ru -Duser.variant 
java_command: com.android.dx.command.Main --dex --output C:\Документы\CodeviriumTestProject\app\build\intermediates\dex\debug C:\Документы\CodeviriumTestProject\app\build\intermediates\classes\debug C:\Документы\CodeviriumTestProject\app\build\intermediates\pre-dexed\debug\support-annotations-22.2.0-db7b350ac5637a4ff5f9efb9f3257e3958d23f43.jar C:\Документы\CodeviriumTestProject\app\build\intermediates\pre-dexed\debug\internal_impl-22.2.0-86b1b11434308d09696ef0e875f86df73c867301.jar C:\Документы\CodeviriumTestProject\app\build\intermediates\pre-dexed\debug\classes-4ea278f8d6d05a874e176889996dbd5723b43a2a.jar C:\Документы\CodeviriumTestProject\app\build\intermediates\pre-dexed\debug\classes-5764b974244c03d588723fbb941a91aa0c193a68.jar
java_class_path (initial): C:\Users\Владимир\AppData\Local\Android\sdk\build-tools\22.0.1\lib\dx.jar
Launcher Type: SUN_STANDARD

Environment Variables:
JAVA_HOME=C:\Program Files\Java\jdk1.8.0_45
PATH=C:\ProgramData\Oracle\Java\javapath;C:\Windows\system32;C:\Windows;C:\Windows\System32\Wbem;C:\Windows\System32\WindowsPowerShell\v1.0\;C:\Program Files (x86)\Git\cmd;C:\Program Files (x86)\Git\bin;C:\Program Files (x86)\Skype\Phone\;C:\HashiCorp\Vagrant\bin;;D:\apache-maven-3.3.3\bin;C:\Users\Владимир\AppData\Local\Android\sdk\platform-tools
USERNAME=Владимир
OS=Windows_NT
PROCESSOR_IDENTIFIER=Intel64 Family 6 Model 60 Stepping 3, GenuineIntel



---------------  S Y S T E M  ---------------

OS: Windows 8.1 , 64 bit Build 9600 (6.3.9600.17415)

CPU:total 4 (4 cores per cpu, 1 threads per core) family 6 model 60 stepping 3, cmov, cx8, fxsr, mmx, sse, sse2, sse3, ssse3, sse4.1, sse4.2, popcnt, avx, avx2, aes, clmul, erms, rtm, lzcnt, tsc, tscinvbit, bmi1, bmi2

Memory: 4k page, physical 3863724k(544852k free), swap 7009452k(5172k free)

vm_info: Java HotSpot(TM) 64-Bit Server VM (25.45-b02) for windows-amd64 JRE (1.8.0_45-b15), built on Apr 30 2015 12:40:44 by "java_re" with MS VC++ 10.0 (VS2010)

time: Tue Aug 04 00:11:52 2015
elapsed time: 0 seconds (0d 0h 0m 0s)

